<?xml version="1.0" encoding="UTF-8"?>
<!-- Generated by org.testng.reporters.JUnitXMLReporter -->
<testsuite ignored="0" hostname="TarushDubale" failures="0" tests="3" name="Default test" time="0.071" errors="0" timestamp="2024-05-06T20:29:03 IST">
  <testcase classname="para.DataProverClass" name="login" time="0.014"/>
  <testcase classname="para.DataProverClass" name="login" time="0.001"/>
  <testcase classname="para.DataProverClass" name="login" time="0.002"/>
</testsuite> <!-- Default test -->
