<?xml version="1.0" encoding="UTF-8"?>
<!-- Generated by org.testng.reporters.JUnitXMLReporter -->
<testsuite ignored="2" hostname="TarushDubale" failures="0" tests="4" name="Test" time="0.063" errors="0" timestamp="2024-05-05T11:14:09 IST">
  <testcase classname="group.GroupingConcept" name="testCaseFour" time="0.01"/>
  <testcase classname="group.GroupingConcept" name="testCaseOne" time="0.001"/>
  <testcase classname="group.GroupingConcept" name="testCaseThree" time="0.002"/>
  <testcase classname="group.GroupingConcept" name="testCaseTwo" time="0.001"/>
  <testcase classname="group.GroupingConcept" name="testCaseFive" time="0.0">
    <ignored/>
  </testcase> <!-- testCaseFive -->
  <testcase classname="group.GroupingConcept" name="testCaseSix" time="0.0">
    <ignored/>
  </testcase> <!-- testCaseSix -->
</testsuite> <!-- Test -->
