<?xml version="1.0" encoding="UTF-8"?>
<testng-results ignored="0" total="3" passed="3" failed="0" skipped="0">
  <reporter-output>
  </reporter-output>
  <suite started-at="2024-05-06T20:29:03 IST" name="Default suite" finished-at="2024-05-06T20:29:03 IST" duration-ms="71">
    <groups>
    </groups>
    <test started-at="2024-05-06T20:29:03 IST" name="Default test" finished-at="2024-05-06T20:29:03 IST" duration-ms="71">
      <class name="para.DataProverClass">
        <test-method signature="login(java.lang.String,java.lang.String)[pri:0, instance:para.DataProverClass@1184ab05]" started-at="2024-05-06T20:29:03 IST" name="login" data-provider="testData" finished-at="2024-05-06T20:29:03 IST" duration-ms="14" status="PASS">
          <params>
            <param index="0">
              <value>
                <![CDATA[ Yugal ]]>
              </value>
            </param>
            <param index="1">
              <value>
                <![CDATA[ Tirpude ]]>
              </value>
            </param>
          </params>
          <reporter-output>
          </reporter-output>
        </test-method> <!-- login -->
        <test-method signature="login(java.lang.String,java.lang.String)[pri:0, instance:para.DataProverClass@1184ab05]" started-at="2024-05-06T20:29:03 IST" name="login" data-provider="testData" finished-at="2024-05-06T20:29:03 IST" duration-ms="1" status="PASS">
          <params>
            <param index="0">
              <value>
                <![CDATA[ Rajanikant ]]>
              </value>
            </param>
            <param index="1">
              <value>
                <![CDATA[ Baghwat ]]>
              </value>
            </param>
          </params>
          <reporter-output>
          </reporter-output>
        </test-method> <!-- login -->
        <test-method signature="login(java.lang.String,java.lang.String)[pri:0, instance:para.DataProverClass@1184ab05]" started-at="2024-05-06T20:29:03 IST" name="login" data-provider="testData" finished-at="2024-05-06T20:29:03 IST" duration-ms="2" status="PASS">
          <params>
            <param index="0">
              <value>
                <![CDATA[ Dev ]]>
              </value>
            </param>
            <param index="1">
              <value>
                <![CDATA[ Dubale ]]>
              </value>
            </param>
          </params>
          <reporter-output>
          </reporter-output>
        </test-method> <!-- login -->
      </class> <!-- para.DataProverClass -->
    </test> <!-- Default test -->
  </suite> <!-- Default suite -->
</testng-results>
