<?xml version="1.0" encoding="UTF-8"?>
<testng-results ignored="0" total="5" passed="5" failed="0" skipped="0">
  <reporter-output>
  </reporter-output>
  <suite started-at="2024-05-02T21:45:01 IST" name="Default suite" finished-at="2024-05-02T21:45:01 IST" duration-ms="79">
    <groups>
    </groups>
    <test started-at="2024-05-02T21:45:01 IST" name="Default test" finished-at="2024-05-02T21:45:01 IST" duration-ms="79">
      <class name="test.DependsOnMethods">
        <test-method signature="testcaseFive()[pri:0, instance:test.DependsOnMethods@2ea227af]" started-at="2024-05-02T21:45:01 IST" name="testcaseFive" finished-at="2024-05-02T21:45:01 IST" duration-ms="14" status="PASS">
          <reporter-output>
          </reporter-output>
        </test-method> <!-- testcaseFive -->
        <test-method signature="testcaseOne()[pri:0, instance:test.DependsOnMethods@2ea227af]" started-at="2024-05-02T21:45:01 IST" name="testcaseOne" finished-at="2024-05-02T21:45:01 IST" depends-on-methods="test.DependsOnMethods.testcaseFive" duration-ms="3" status="PASS">
          <reporter-output>
          </reporter-output>
        </test-method> <!-- testcaseOne -->
        <test-method signature="testcaseFour()[pri:0, instance:test.DependsOnMethods@2ea227af]" started-at="2024-05-02T21:45:01 IST" name="testcaseFour" finished-at="2024-05-02T21:45:01 IST" depends-on-methods="test.DependsOnMethods.testcaseOne" duration-ms="2" status="PASS">
          <reporter-output>
          </reporter-output>
        </test-method> <!-- testcaseFour -->
        <test-method signature="testcaseTwo()[pri:0, instance:test.DependsOnMethods@2ea227af]" started-at="2024-05-02T21:45:01 IST" name="testcaseTwo" finished-at="2024-05-02T21:45:01 IST" depends-on-methods="test.DependsOnMethods.testcaseFour" duration-ms="2" status="PASS">
          <reporter-output>
          </reporter-output>
        </test-method> <!-- testcaseTwo -->
        <test-method signature="testcaseThree()[pri:0, instance:test.DependsOnMethods@2ea227af]" started-at="2024-05-02T21:45:01 IST" name="testcaseThree" finished-at="2024-05-02T21:45:01 IST" depends-on-methods="test.DependsOnMethods.testcaseTwo" duration-ms="1" status="PASS">
          <reporter-output>
          </reporter-output>
        </test-method> <!-- testcaseThree -->
      </class> <!-- test.DependsOnMethods -->
    </test> <!-- Default test -->
  </suite> <!-- Default suite -->
</testng-results>
